<?xml version="1.0" encoding="UTF-8"?>
<!-- Generated by org.testng.reporters.JUnitReportReporter -->
<testsuite hostname="sandeeps-MacBook-Air.local" failures="0" tests="3" name="com.tutorialninjaqa.testcases.Login" time="50.607" errors="0" timestamp="2023-12-07T22:27:14 IST" skipped="0">
  <testcase classname="com.tutorialninjaqa.testcases.Login" name="verifyLoginwithvalidcredentials" time="18.967"/>
  <testcase classname="com.tutorialninjaqa.testcases.Login" name="verifyLoginwithvalidcredentials" time="15.729"/>
  <testcase classname="com.tutorialninjaqa.testcases.Login" name="verifyLoginwithvalidcredentials" time="15.911"/>
</testsuite> <!-- com.tutorialninjaqa.testcases.Login -->
