<?xml version="1.0" encoding="UTF-8"?>
<!-- Generated by org.testng.reporters.JUnitReportReporter -->
<testsuite hostname="sandeeps-MacBook-Air.local" failures="0" tests="3" name="com.tutorialninjaqa.testcases.Search" time="28.535" errors="0" timestamp="2023-12-07T12:01:13 IST" skipped="0">
  <testcase classname="com.tutorialninjaqa.testcases.Search" name="veryfySearchWithValidProduct" time="9.718"/>
  <testcase classname="com.tutorialninjaqa.testcases.Search" name="veryfySearchWithInValidProduct" time="9.549"/>
  <testcase classname="com.tutorialninjaqa.testcases.Search" name="verifyWithOutAnyProduct" time="9.268"/>
</testsuite> <!-- com.tutorialninjaqa.testcases.Search -->
